09-May-2021 20:35:52.248 INFO [Catalina-utility-2] org.apache.catalina.startup.HostConfig.deployDirectory Deploying web application directory [/usr/local/tomcat/webapps/servletesTest]
09-May-2021 20:35:52.374 INFO [Catalina-utility-2] org.apache.catalina.startup.HostConfig.deployDirectory Deployment of web application directory [/usr/local/tomcat/webapps/servletesTest] has finished in [125] ms
09-May-2021 20:53:56.711 INFO [Catalina-utility-1] org.apache.catalina.startup.HostConfig.undeploy Undeploying context [/servletesTest]
09-May-2021 20:57:17.428 INFO [Catalina-utility-2] org.apache.catalina.startup.HostConfig.deployDirectory Deploying web application directory [/usr/local/tomcat/webapps/Sample_5_04_1]
09-May-2021 20:57:17.533 INFO [Catalina-utility-2] org.apache.catalina.startup.HostConfig.deployDirectory Deployment of web application directory [/usr/local/tomcat/webapps/Sample_5_04_1] has finished in [105] ms
09-May-2021 21:00:18.201 INFO [Catalina-utility-2] org.apache.catalina.startup.HostConfig.reload Reloading context [/Sample_5_04_1]
09-May-2021 21:00:18.202 INFO [Catalina-utility-2] org.apache.catalina.core.StandardContext.reload Reloading Context with name [/Sample_5_04_1] has started
09-May-2021 21:00:18.306 INFO [Catalina-utility-2] org.apache.catalina.core.StandardContext.reload Reloading Context with name [/Sample_5_04_1] is completed
09-May-2021 21:06:20.199 INFO [Catalina-utility-1] org.apache.catalina.startup.HostConfig.undeploy Undeploying context [/Sample_5_04_1]
09-May-2021 21:06:20.253 INFO [Catalina-utility-1] org.apache.catalina.startup.HostConfig.deployDirectory Deploying web application directory [/usr/local/tomcat/webapps/WebContent]
09-May-2021 21:06:20.350 INFO [Catalina-utility-1] org.apache.catalina.startup.HostConfig.deployDirectory Deployment of web application directory [/usr/local/tomcat/webapps/WebContent] has finished in [97] ms
09-May-2021 21:24:44.152 INFO [Catalina-utility-1] org.apache.catalina.startup.HostConfig.deployDirectory Deploying web application directory [/usr/local/tomcat/webapps/webcontent]
09-May-2021 21:24:44.245 INFO [Catalina-utility-1] org.apache.catalina.startup.HostConfig.deployDirectory Deployment of web application directory [/usr/local/tomcat/webapps/webcontent] has finished in [93] ms
09-May-2021 21:31:55.949 INFO [Catalina-utility-1] org.apache.catalina.startup.HostConfig.reload Reloading context [/examples]
09-May-2021 21:31:55.950 INFO [Catalina-utility-1] org.apache.catalina.core.StandardContext.reload Reloading Context with name [/examples] has started
09-May-2021 21:31:56.662 INFO [Catalina-utility-1] org.apache.catalina.core.StandardContext.reload Reloading Context with name [/examples] is completed
09-May-2021 21:34:22.066 INFO [Thread-3] org.apache.coyote.AbstractProtocol.pause Pausing ProtocolHandler ["http-nio-8080"]
09-May-2021 21:34:22.076 INFO [Thread-3] org.apache.catalina.core.StandardService.stopInternal Stopping service [Catalina]
09-May-2021 21:34:22.199 INFO [Thread-3] org.apache.coyote.AbstractProtocol.stop Stopping ProtocolHandler ["http-nio-8080"]
09-May-2021 21:34:22.233 INFO [Thread-3] org.apache.coyote.AbstractProtocol.destroy Destroying ProtocolHandler ["http-nio-8080"]
09-May-2021 21:34:33.340 INFO [main] org.apache.catalina.startup.VersionLoggerListener.log Server version name:   Apache Tomcat/9.0.45
09-May-2021 21:34:33.346 INFO [main] org.apache.catalina.startup.VersionLoggerListener.log Server built:          Mar 30 2021 10:29:04 UTC
09-May-2021 21:34:33.346 INFO [main] org.apache.catalina.startup.VersionLoggerListener.log Server version number: 9.0.45.0
09-May-2021 21:34:33.347 INFO [main] org.apache.catalina.startup.VersionLoggerListener.log OS Name:               Linux
09-May-2021 21:34:33.347 INFO [main] org.apache.catalina.startup.VersionLoggerListener.log OS Version:            4.19.121-linuxkit
09-May-2021 21:34:33.347 INFO [main] org.apache.catalina.startup.VersionLoggerListener.log Architecture:          amd64
09-May-2021 21:34:33.347 INFO [main] org.apache.catalina.startup.VersionLoggerListener.log Java Home:             /usr/local/openjdk-11
09-May-2021 21:34:33.347 INFO [main] org.apache.catalina.startup.VersionLoggerListener.log JVM Version:           11.0.11+9
09-May-2021 21:34:33.348 INFO [main] org.apache.catalina.startup.VersionLoggerListener.log JVM Vendor:            Oracle Corporation
09-May-2021 21:34:33.348 INFO [main] org.apache.catalina.startup.VersionLoggerListener.log CATALINA_BASE:         /usr/local/tomcat
09-May-2021 21:34:33.348 INFO [main] org.apache.catalina.startup.VersionLoggerListener.log CATALINA_HOME:         /usr/local/tomcat
09-May-2021 21:34:33.370 INFO [main] org.apache.catalina.startup.VersionLoggerListener.log Command line argument: --add-opens=java.base/java.lang=ALL-UNNAMED
09-May-2021 21:34:33.371 INFO [main] org.apache.catalina.startup.VersionLoggerListener.log Command line argument: --add-opens=java.base/java.io=ALL-UNNAMED
09-May-2021 21:34:33.371 INFO [main] org.apache.catalina.startup.VersionLoggerListener.log Command line argument: --add-opens=java.base/java.util=ALL-UNNAMED
09-May-2021 21:34:33.372 INFO [main] org.apache.catalina.startup.VersionLoggerListener.log Command line argument: --add-opens=java.base/java.util.concurrent=ALL-UNNAMED
09-May-2021 21:34:33.373 INFO [main] org.apache.catalina.startup.VersionLoggerListener.log Command line argument: --add-opens=java.rmi/sun.rmi.transport=ALL-UNNAMED
09-May-2021 21:34:33.373 INFO [main] org.apache.catalina.startup.VersionLoggerListener.log Command line argument: -Djava.util.logging.config.file=/usr/local/tomcat/conf/logging.properties
09-May-2021 21:34:33.373 INFO [main] org.apache.catalina.startup.VersionLoggerListener.log Command line argument: -Djava.util.logging.manager=org.apache.juli.ClassLoaderLogManager
09-May-2021 21:34:33.374 INFO [main] org.apache.catalina.startup.VersionLoggerListener.log Command line argument: -Djdk.tls.ephemeralDHKeySize=2048
09-May-2021 21:34:33.374 INFO [main] org.apache.catalina.startup.VersionLoggerListener.log Command line argument: -Djava.protocol.handler.pkgs=org.apache.catalina.webresources
09-May-2021 21:34:33.374 INFO [main] org.apache.catalina.startup.VersionLoggerListener.log Command line argument: -Dorg.apache.catalina.security.SecurityListener.UMASK=0027
09-May-2021 21:34:33.375 INFO [main] org.apache.catalina.startup.VersionLoggerListener.log Command line argument: -Dignore.endorsed.dirs=
09-May-2021 21:34:33.375 INFO [main] org.apache.catalina.startup.VersionLoggerListener.log Command line argument: -Dcatalina.base=/usr/local/tomcat
09-May-2021 21:34:33.376 INFO [main] org.apache.catalina.startup.VersionLoggerListener.log Command line argument: -Dcatalina.home=/usr/local/tomcat
09-May-2021 21:34:33.377 INFO [main] org.apache.catalina.startup.VersionLoggerListener.log Command line argument: -Djava.io.tmpdir=/usr/local/tomcat/temp
09-May-2021 21:34:33.404 INFO [main] org.apache.catalina.core.AprLifecycleListener.lifecycleEvent Loaded Apache Tomcat Native library [1.2.27] using APR version [1.6.5].
09-May-2021 21:34:33.404 INFO [main] org.apache.catalina.core.AprLifecycleListener.lifecycleEvent APR capabilities: IPv6 [true], sendfile [true], accept filters [false], random [true].
09-May-2021 21:34:33.404 INFO [main] org.apache.catalina.core.AprLifecycleListener.lifecycleEvent APR/OpenSSL configuration: useAprConnector [false], useOpenSSL [true]
09-May-2021 21:34:33.412 INFO [main] org.apache.catalina.core.AprLifecycleListener.initializeSSL OpenSSL successfully initialized [OpenSSL 1.1.1d  10 Sep 2019]
09-May-2021 21:34:34.202 INFO [main] org.apache.coyote.AbstractProtocol.init Initializing ProtocolHandler ["http-nio-8080"]
09-May-2021 21:34:34.271 INFO [main] org.apache.catalina.startup.Catalina.load Server initialization in [1610] milliseconds
09-May-2021 21:34:34.405 INFO [main] org.apache.catalina.core.StandardService.startInternal Starting service [Catalina]
09-May-2021 21:34:34.405 INFO [main] org.apache.catalina.core.StandardEngine.startInternal Starting Servlet engine: [Apache Tomcat/9.0.45]
09-May-2021 21:34:34.437 INFO [main] org.apache.catalina.startup.HostConfig.deployDirectory Deploying web application directory [/usr/local/tomcat/webapps/ROOT]
09-May-2021 21:34:37.403 INFO [main] org.apache.jasper.servlet.TldScanner.scanJars At least one JAR was scanned for TLDs yet contained no TLDs. Enable debug logging for this logger for a complete list of JARs that were scanned but no TLDs were found in them. Skipping unneeded JARs during scanning can improve startup time and JSP compilation time.
09-May-2021 21:34:37.612 INFO [main] org.apache.catalina.startup.HostConfig.deployDirectory Deployment of web application directory [/usr/local/tomcat/webapps/ROOT] has finished in [3,174] ms
09-May-2021 21:34:37.614 INFO [main] org.apache.catalina.startup.HostConfig.deployDirectory Deploying web application directory [/usr/local/tomcat/webapps/WebContent]
09-May-2021 21:34:39.578 INFO [main] org.apache.jasper.servlet.TldScanner.scanJars At least one JAR was scanned for TLDs yet contained no TLDs. Enable debug logging for this logger for a complete list of JARs that were scanned but no TLDs were found in them. Skipping unneeded JARs during scanning can improve startup time and JSP compilation time.
09-May-2021 21:34:39.597 INFO [main] org.apache.catalina.startup.HostConfig.deployDirectory Deployment of web application directory [/usr/local/tomcat/webapps/WebContent] has finished in [1,983] ms
09-May-2021 21:34:39.599 INFO [main] org.apache.catalina.startup.HostConfig.deployDirectory Deploying web application directory [/usr/local/tomcat/webapps/docs]
09-May-2021 21:34:41.839 INFO [main] org.apache.jasper.servlet.TldScanner.scanJars At least one JAR was scanned for TLDs yet contained no TLDs. Enable debug logging for this logger for a complete list of JARs that were scanned but no TLDs were found in them. Skipping unneeded JARs during scanning can improve startup time and JSP compilation time.
09-May-2021 21:34:41.863 INFO [main] org.apache.catalina.startup.HostConfig.deployDirectory Deployment of web application directory [/usr/local/tomcat/webapps/docs] has finished in [2,264] ms
09-May-2021 21:34:41.869 INFO [main] org.apache.catalina.startup.HostConfig.deployDirectory Deploying web application directory [/usr/local/tomcat/webapps/examples]
09-May-2021 21:34:45.797 INFO [main] org.apache.jasper.servlet.TldScanner.scanJars At least one JAR was scanned for TLDs yet contained no TLDs. Enable debug logging for this logger for a complete list of JARs that were scanned but no TLDs were found in them. Skipping unneeded JARs during scanning can improve startup time and JSP compilation time.
09-May-2021 21:34:46.137 INFO [main] org.apache.catalina.startup.HostConfig.deployDirectory Deployment of web application directory [/usr/local/tomcat/webapps/examples] has finished in [4,268] ms
09-May-2021 21:34:46.139 INFO [main] org.apache.catalina.startup.HostConfig.deployDirectory Deploying web application directory [/usr/local/tomcat/webapps/host-manager]
09-May-2021 21:34:50.474 INFO [main] org.apache.jasper.servlet.TldScanner.scanJars At least one JAR was scanned for TLDs yet contained no TLDs. Enable debug logging for this logger for a complete list of JARs that were scanned but no TLDs were found in them. Skipping unneeded JARs during scanning can improve startup time and JSP compilation time.
09-May-2021 21:34:50.490 INFO [main] org.apache.catalina.startup.HostConfig.deployDirectory Deployment of web application directory [/usr/local/tomcat/webapps/host-manager] has finished in [4,350] ms
09-May-2021 21:34:50.492 INFO [main] org.apache.catalina.startup.HostConfig.deployDirectory Deploying web application directory [/usr/local/tomcat/webapps/manager]
09-May-2021 21:34:55.456 INFO [main] org.apache.jasper.servlet.TldScanner.scanJars At least one JAR was scanned for TLDs yet contained no TLDs. Enable debug logging for this logger for a complete list of JARs that were scanned but no TLDs were found in them. Skipping unneeded JARs during scanning can improve startup time and JSP compilation time.
09-May-2021 21:34:55.470 INFO [main] org.apache.catalina.startup.HostConfig.deployDirectory Deployment of web application directory [/usr/local/tomcat/webapps/manager] has finished in [4,978] ms
09-May-2021 21:34:55.484 INFO [main] org.apache.coyote.AbstractProtocol.start Starting ProtocolHandler ["http-nio-8080"]
09-May-2021 21:34:55.512 INFO [main] org.apache.catalina.startup.Catalina.start Server startup in [21275] milliseconds
