13-May-2021 12:16:46.408 INFO [Catalina-utility-1] org.apache.catalina.startup.HostConfig.reload Reloading context [/WebContent]
13-May-2021 12:16:46.413 INFO [Catalina-utility-1] org.apache.catalina.core.StandardContext.reload Reloading Context with name [/WebContent] has started
13-May-2021 12:16:48.599 INFO [Catalina-utility-1] org.apache.jasper.servlet.TldScanner.scanJars At least one JAR was scanned for TLDs yet contained no TLDs. Enable debug logging for this logger for a complete list of JARs that were scanned but no TLDs were found in them. Skipping unneeded JARs during scanning can improve startup time and JSP compilation time.
13-May-2021 12:16:48.605 INFO [Catalina-utility-1] org.apache.catalina.core.StandardContext.reload Reloading Context with name [/WebContent] is completed
13-May-2021 12:17:38.758 INFO [Catalina-utility-2] org.apache.catalina.startup.HostConfig.reload Reloading context [/WebContent]
13-May-2021 12:17:38.758 INFO [Catalina-utility-2] org.apache.catalina.core.StandardContext.reload Reloading Context with name [/WebContent] has started
13-May-2021 12:17:41.058 INFO [Catalina-utility-2] org.apache.jasper.servlet.TldScanner.scanJars At least one JAR was scanned for TLDs yet contained no TLDs. Enable debug logging for this logger for a complete list of JARs that were scanned but no TLDs were found in them. Skipping unneeded JARs during scanning can improve startup time and JSP compilation time.
13-May-2021 12:17:41.062 INFO [Catalina-utility-2] org.apache.catalina.core.StandardContext.reload Reloading Context with name [/WebContent] is completed
13-May-2021 12:18:01.108 INFO [Catalina-utility-2] org.apache.catalina.startup.HostConfig.reload Reloading context [/WebContent]
13-May-2021 12:18:01.108 INFO [Catalina-utility-2] org.apache.catalina.core.StandardContext.reload Reloading Context with name [/WebContent] has started
13-May-2021 12:18:03.502 INFO [Catalina-utility-2] org.apache.jasper.servlet.TldScanner.scanJars At least one JAR was scanned for TLDs yet contained no TLDs. Enable debug logging for this logger for a complete list of JARs that were scanned but no TLDs were found in them. Skipping unneeded JARs during scanning can improve startup time and JSP compilation time.
13-May-2021 12:18:03.506 INFO [Catalina-utility-2] org.apache.catalina.core.StandardContext.reload Reloading Context with name [/WebContent] is completed
13-May-2021 12:26:25.315 INFO [Catalina-utility-2] org.apache.catalina.startup.HostConfig.reload Reloading context [/WebContent]
13-May-2021 12:26:25.316 INFO [Catalina-utility-2] org.apache.catalina.core.StandardContext.reload Reloading Context with name [/WebContent] has started
13-May-2021 12:26:27.629 INFO [Catalina-utility-2] org.apache.jasper.servlet.TldScanner.scanJars At least one JAR was scanned for TLDs yet contained no TLDs. Enable debug logging for this logger for a complete list of JARs that were scanned but no TLDs were found in them. Skipping unneeded JARs during scanning can improve startup time and JSP compilation time.
13-May-2021 12:26:27.633 INFO [Catalina-utility-2] org.apache.catalina.core.StandardContext.reload Reloading Context with name [/WebContent] is completed
13-May-2021 12:57:44.145 INFO [Catalina-utility-2] org.apache.catalina.startup.HostConfig.reload Reloading context [/WebContent]
13-May-2021 12:57:44.145 INFO [Catalina-utility-2] org.apache.catalina.core.StandardContext.reload Reloading Context with name [/WebContent] has started
13-May-2021 12:57:46.086 INFO [Catalina-utility-2] org.apache.jasper.servlet.TldScanner.scanJars At least one JAR was scanned for TLDs yet contained no TLDs. Enable debug logging for this logger for a complete list of JARs that were scanned but no TLDs were found in them. Skipping unneeded JARs during scanning can improve startup time and JSP compilation time.
13-May-2021 12:57:46.091 INFO [Catalina-utility-2] org.apache.catalina.core.StandardContext.reload Reloading Context with name [/WebContent] is completed
13-May-2021 21:47:22.136 INFO [Thread-3] org.apache.coyote.AbstractProtocol.pause Pausing ProtocolHandler ["http-nio-8080"]
13-May-2021 21:47:22.143 INFO [Thread-3] org.apache.catalina.core.StandardService.stopInternal Stopping service [Catalina]
13-May-2021 21:47:22.324 INFO [Thread-3] org.apache.coyote.AbstractProtocol.stop Stopping ProtocolHandler ["http-nio-8080"]
13-May-2021 21:47:22.356 INFO [Thread-3] org.apache.coyote.AbstractProtocol.destroy Destroying ProtocolHandler ["http-nio-8080"]
13-May-2021 21:48:06.496 INFO [main] org.apache.catalina.startup.VersionLoggerListener.log Server version name:   Apache Tomcat/9.0.45
13-May-2021 21:48:06.502 INFO [main] org.apache.catalina.startup.VersionLoggerListener.log Server built:          Mar 30 2021 10:29:04 UTC
13-May-2021 21:48:06.502 INFO [main] org.apache.catalina.startup.VersionLoggerListener.log Server version number: 9.0.45.0
13-May-2021 21:48:06.502 INFO [main] org.apache.catalina.startup.VersionLoggerListener.log OS Name:               Linux
13-May-2021 21:48:06.503 INFO [main] org.apache.catalina.startup.VersionLoggerListener.log OS Version:            4.19.121-linuxkit
13-May-2021 21:48:06.503 INFO [main] org.apache.catalina.startup.VersionLoggerListener.log Architecture:          amd64
13-May-2021 21:48:06.503 INFO [main] org.apache.catalina.startup.VersionLoggerListener.log Java Home:             /usr/local/openjdk-11
13-May-2021 21:48:06.503 INFO [main] org.apache.catalina.startup.VersionLoggerListener.log JVM Version:           11.0.11+9
13-May-2021 21:48:06.503 INFO [main] org.apache.catalina.startup.VersionLoggerListener.log JVM Vendor:            Oracle Corporation
13-May-2021 21:48:06.504 INFO [main] org.apache.catalina.startup.VersionLoggerListener.log CATALINA_BASE:         /usr/local/tomcat
13-May-2021 21:48:06.504 INFO [main] org.apache.catalina.startup.VersionLoggerListener.log CATALINA_HOME:         /usr/local/tomcat
13-May-2021 21:48:06.532 INFO [main] org.apache.catalina.startup.VersionLoggerListener.log Command line argument: --add-opens=java.base/java.lang=ALL-UNNAMED
13-May-2021 21:48:06.532 INFO [main] org.apache.catalina.startup.VersionLoggerListener.log Command line argument: --add-opens=java.base/java.io=ALL-UNNAMED
13-May-2021 21:48:06.533 INFO [main] org.apache.catalina.startup.VersionLoggerListener.log Command line argument: --add-opens=java.base/java.util=ALL-UNNAMED
13-May-2021 21:48:06.533 INFO [main] org.apache.catalina.startup.VersionLoggerListener.log Command line argument: --add-opens=java.base/java.util.concurrent=ALL-UNNAMED
13-May-2021 21:48:06.533 INFO [main] org.apache.catalina.startup.VersionLoggerListener.log Command line argument: --add-opens=java.rmi/sun.rmi.transport=ALL-UNNAMED
13-May-2021 21:48:06.534 INFO [main] org.apache.catalina.startup.VersionLoggerListener.log Command line argument: -Djava.util.logging.config.file=/usr/local/tomcat/conf/logging.properties
13-May-2021 21:48:06.535 INFO [main] org.apache.catalina.startup.VersionLoggerListener.log Command line argument: -Djava.util.logging.manager=org.apache.juli.ClassLoaderLogManager
13-May-2021 21:48:06.535 INFO [main] org.apache.catalina.startup.VersionLoggerListener.log Command line argument: -Djdk.tls.ephemeralDHKeySize=2048
13-May-2021 21:48:06.536 INFO [main] org.apache.catalina.startup.VersionLoggerListener.log Command line argument: -Djava.protocol.handler.pkgs=org.apache.catalina.webresources
13-May-2021 21:48:06.536 INFO [main] org.apache.catalina.startup.VersionLoggerListener.log Command line argument: -Dorg.apache.catalina.security.SecurityListener.UMASK=0027
13-May-2021 21:48:06.536 INFO [main] org.apache.catalina.startup.VersionLoggerListener.log Command line argument: -Dignore.endorsed.dirs=
13-May-2021 21:48:06.536 INFO [main] org.apache.catalina.startup.VersionLoggerListener.log Command line argument: -Dcatalina.base=/usr/local/tomcat
13-May-2021 21:48:06.537 INFO [main] org.apache.catalina.startup.VersionLoggerListener.log Command line argument: -Dcatalina.home=/usr/local/tomcat
13-May-2021 21:48:06.537 INFO [main] org.apache.catalina.startup.VersionLoggerListener.log Command line argument: -Djava.io.tmpdir=/usr/local/tomcat/temp
13-May-2021 21:48:06.575 INFO [main] org.apache.catalina.core.AprLifecycleListener.lifecycleEvent Loaded Apache Tomcat Native library [1.2.27] using APR version [1.6.5].
13-May-2021 21:48:06.576 INFO [main] org.apache.catalina.core.AprLifecycleListener.lifecycleEvent APR capabilities: IPv6 [true], sendfile [true], accept filters [false], random [true].
13-May-2021 21:48:06.576 INFO [main] org.apache.catalina.core.AprLifecycleListener.lifecycleEvent APR/OpenSSL configuration: useAprConnector [false], useOpenSSL [true]
13-May-2021 21:48:06.589 INFO [main] org.apache.catalina.core.AprLifecycleListener.initializeSSL OpenSSL successfully initialized [OpenSSL 1.1.1d  10 Sep 2019]
13-May-2021 21:48:07.501 INFO [main] org.apache.coyote.AbstractProtocol.init Initializing ProtocolHandler ["http-nio-8080"]
13-May-2021 21:48:07.722 INFO [main] org.apache.catalina.startup.Catalina.load Server initialization in [2093] milliseconds
13-May-2021 21:48:08.006 INFO [main] org.apache.catalina.core.StandardService.startInternal Starting service [Catalina]
13-May-2021 21:48:08.006 INFO [main] org.apache.catalina.core.StandardEngine.startInternal Starting Servlet engine: [Apache Tomcat/9.0.45]
13-May-2021 21:48:08.055 INFO [main] org.apache.catalina.startup.HostConfig.deployDirectory Deploying web application directory [/usr/local/tomcat/webapps/ROOT]
13-May-2021 21:48:12.172 INFO [main] org.apache.jasper.servlet.TldScanner.scanJars At least one JAR was scanned for TLDs yet contained no TLDs. Enable debug logging for this logger for a complete list of JARs that were scanned but no TLDs were found in them. Skipping unneeded JARs during scanning can improve startup time and JSP compilation time.
13-May-2021 21:48:12.442 INFO [main] org.apache.catalina.startup.HostConfig.deployDirectory Deployment of web application directory [/usr/local/tomcat/webapps/ROOT] has finished in [4,387] ms
13-May-2021 21:48:12.445 INFO [main] org.apache.catalina.startup.HostConfig.deployDirectory Deploying web application directory [/usr/local/tomcat/webapps/WebContent]
13-May-2021 21:48:15.601 INFO [main] org.apache.jasper.servlet.TldScanner.scanJars At least one JAR was scanned for TLDs yet contained no TLDs. Enable debug logging for this logger for a complete list of JARs that were scanned but no TLDs were found in them. Skipping unneeded JARs during scanning can improve startup time and JSP compilation time.
13-May-2021 21:48:15.649 INFO [main] org.apache.catalina.startup.HostConfig.deployDirectory Deployment of web application directory [/usr/local/tomcat/webapps/WebContent] has finished in [3,201] ms
13-May-2021 21:48:15.654 INFO [main] org.apache.catalina.startup.HostConfig.deployDirectory Deploying web application directory [/usr/local/tomcat/webapps/docs]
13-May-2021 21:48:19.879 INFO [main] org.apache.jasper.servlet.TldScanner.scanJars At least one JAR was scanned for TLDs yet contained no TLDs. Enable debug logging for this logger for a complete list of JARs that were scanned but no TLDs were found in them. Skipping unneeded JARs during scanning can improve startup time and JSP compilation time.
13-May-2021 21:48:19.899 INFO [main] org.apache.catalina.startup.HostConfig.deployDirectory Deployment of web application directory [/usr/local/tomcat/webapps/docs] has finished in [4,245] ms
13-May-2021 21:48:19.902 INFO [main] org.apache.catalina.startup.HostConfig.deployDirectory Deploying web application directory [/usr/local/tomcat/webapps/examples]
13-May-2021 21:48:23.955 INFO [main] org.apache.jasper.servlet.TldScanner.scanJars At least one JAR was scanned for TLDs yet contained no TLDs. Enable debug logging for this logger for a complete list of JARs that were scanned but no TLDs were found in them. Skipping unneeded JARs during scanning can improve startup time and JSP compilation time.
13-May-2021 21:48:24.098 INFO [main] org.apache.catalina.startup.HostConfig.deployDirectory Deployment of web application directory [/usr/local/tomcat/webapps/examples] has finished in [4,196] ms
13-May-2021 21:48:24.100 INFO [main] org.apache.catalina.startup.HostConfig.deployDirectory Deploying web application directory [/usr/local/tomcat/webapps/host-manager]
13-May-2021 21:48:26.414 INFO [main] org.apache.jasper.servlet.TldScanner.scanJars At least one JAR was scanned for TLDs yet contained no TLDs. Enable debug logging for this logger for a complete list of JARs that were scanned but no TLDs were found in them. Skipping unneeded JARs during scanning can improve startup time and JSP compilation time.
13-May-2021 21:48:26.427 INFO [main] org.apache.catalina.startup.HostConfig.deployDirectory Deployment of web application directory [/usr/local/tomcat/webapps/host-manager] has finished in [2,326] ms
13-May-2021 21:48:26.428 INFO [main] org.apache.catalina.startup.HostConfig.deployDirectory Deploying web application directory [/usr/local/tomcat/webapps/manager]
13-May-2021 21:48:28.467 INFO [main] org.apache.jasper.servlet.TldScanner.scanJars At least one JAR was scanned for TLDs yet contained no TLDs. Enable debug logging for this logger for a complete list of JARs that were scanned but no TLDs were found in them. Skipping unneeded JARs during scanning can improve startup time and JSP compilation time.
13-May-2021 21:48:28.473 INFO [main] org.apache.catalina.startup.HostConfig.deployDirectory Deployment of web application directory [/usr/local/tomcat/webapps/manager] has finished in [2,045] ms
13-May-2021 21:48:28.487 INFO [main] org.apache.coyote.AbstractProtocol.start Starting ProtocolHandler ["http-nio-8080"]
13-May-2021 21:48:28.507 INFO [main] org.apache.catalina.startup.Catalina.start Server startup in [20779] milliseconds
