10-May-2021 11:53:04.750 INFO [http-nio-8080-exec-6] org.apache.catalina.core.ApplicationContext.log Marking servlet [SaveSurvey] as unavailable
10-May-2021 11:53:04.752 SEVERE [http-nio-8080-exec-6] org.apache.catalina.core.StandardWrapperValve.invoke Allocate exception for servlet [SaveSurvey]
	java.lang.ClassNotFoundException: work.SaveSurvey
		at org.apache.catalina.loader.WebappClassLoaderBase.loadClass(WebappClassLoaderBase.java:1364)
		at org.apache.catalina.loader.WebappClassLoaderBase.loadClass(WebappClassLoaderBase.java:1187)
		at org.apache.catalina.core.DefaultInstanceManager.loadClass(DefaultInstanceManager.java:539)
		at org.apache.catalina.core.DefaultInstanceManager.loadClassMaybePrivileged(DefaultInstanceManager.java:520)
		at org.apache.catalina.core.DefaultInstanceManager.newInstance(DefaultInstanceManager.java:150)
		at org.apache.catalina.core.StandardWrapper.loadServlet(StandardWrapper.java:1042)
		at org.apache.catalina.core.StandardWrapper.allocate(StandardWrapper.java:761)
		at org.apache.catalina.core.StandardWrapperValve.invoke(StandardWrapperValve.java:135)
		at org.apache.catalina.core.StandardContextValve.invoke(StandardContextValve.java:97)
		at org.apache.catalina.authenticator.AuthenticatorBase.invoke(AuthenticatorBase.java:542)
		at org.apache.catalina.core.StandardHostValve.invoke(StandardHostValve.java:143)
		at org.apache.catalina.valves.ErrorReportValve.invoke(ErrorReportValve.java:92)
		at org.apache.catalina.valves.AbstractAccessLogValve.invoke(AbstractAccessLogValve.java:687)
		at org.apache.catalina.core.StandardEngineValve.invoke(StandardEngineValve.java:78)
		at org.apache.catalina.connector.CoyoteAdapter.service(CoyoteAdapter.java:357)
		at org.apache.coyote.http11.Http11Processor.service(Http11Processor.java:374)
		at org.apache.coyote.AbstractProcessorLight.process(AbstractProcessorLight.java:65)
		at org.apache.coyote.AbstractProtocol$ConnectionHandler.process(AbstractProtocol.java:893)
		at org.apache.tomcat.util.net.NioEndpoint$SocketProcessor.doRun(NioEndpoint.java:1707)
		at org.apache.tomcat.util.net.SocketProcessorBase.run(SocketProcessorBase.java:49)
		at java.base/java.util.concurrent.ThreadPoolExecutor.runWorker(ThreadPoolExecutor.java:1128)
		at java.base/java.util.concurrent.ThreadPoolExecutor$Worker.run(ThreadPoolExecutor.java:628)
		at org.apache.tomcat.util.threads.TaskThread$WrappingRunnable.run(TaskThread.java:61)
		at java.base/java.lang.Thread.run(Thread.java:829)
10-May-2021 12:08:09.331 INFO [Thread-3] org.apache.catalina.core.ApplicationContext.log SessionListener: contextDestroyed()
10-May-2021 12:08:09.332 INFO [Thread-3] org.apache.catalina.core.ApplicationContext.log ContextListener: contextDestroyed()
10-May-2021 12:08:42.511 INFO [main] org.apache.catalina.core.ApplicationContext.log ContextListener: contextInitialized()
10-May-2021 12:08:42.512 INFO [main] org.apache.catalina.core.ApplicationContext.log SessionListener: contextInitialized()
10-May-2021 12:08:42.517 INFO [main] org.apache.catalina.core.ApplicationContext.log ContextListener: attributeAdded('StockTicker', 'async.Stockticker@6c8efde4')
10-May-2021 12:20:58.089 INFO [Thread-3] org.apache.catalina.core.ApplicationContext.log SessionListener: contextDestroyed()
10-May-2021 12:20:58.090 INFO [Thread-3] org.apache.catalina.core.ApplicationContext.log ContextListener: contextDestroyed()
10-May-2021 12:28:00.591 INFO [main] org.apache.catalina.core.ApplicationContext.log ContextListener: contextInitialized()
10-May-2021 12:28:00.592 INFO [main] org.apache.catalina.core.ApplicationContext.log SessionListener: contextInitialized()
10-May-2021 12:28:00.598 INFO [main] org.apache.catalina.core.ApplicationContext.log ContextListener: attributeAdded('StockTicker', 'async.Stockticker@35e74e08')
10-May-2021 12:39:03.008 INFO [Thread-3] org.apache.catalina.core.ApplicationContext.log SessionListener: contextDestroyed()
10-May-2021 12:39:03.009 INFO [Thread-3] org.apache.catalina.core.ApplicationContext.log ContextListener: contextDestroyed()
10-May-2021 12:47:48.927 INFO [main] org.apache.catalina.core.ApplicationContext.log ContextListener: contextInitialized()
10-May-2021 12:47:48.927 INFO [main] org.apache.catalina.core.ApplicationContext.log SessionListener: contextInitialized()
10-May-2021 12:47:48.933 INFO [main] org.apache.catalina.core.ApplicationContext.log ContextListener: attributeAdded('StockTicker', 'async.Stockticker@5e9bf744')
10-May-2021 20:57:56.116 INFO [Thread-3] org.apache.catalina.core.ApplicationContext.log SessionListener: contextDestroyed()
10-May-2021 20:57:56.117 INFO [Thread-3] org.apache.catalina.core.ApplicationContext.log ContextListener: contextDestroyed()
10-May-2021 20:58:27.137 INFO [main] org.apache.catalina.core.ApplicationContext.log ContextListener: contextInitialized()
10-May-2021 20:58:27.137 INFO [main] org.apache.catalina.core.ApplicationContext.log SessionListener: contextInitialized()
10-May-2021 20:58:27.142 INFO [main] org.apache.catalina.core.ApplicationContext.log ContextListener: attributeAdded('StockTicker', 'async.Stockticker@1abcd059')
10-May-2021 22:01:38.985 INFO [Catalina-utility-1] org.apache.catalina.core.ApplicationContext.log SessionListener: contextDestroyed()
10-May-2021 22:01:38.985 INFO [Catalina-utility-1] org.apache.catalina.core.ApplicationContext.log ContextListener: contextDestroyed()
10-May-2021 22:02:47.132 INFO [main] org.apache.catalina.core.ApplicationContext.log ContextListener: contextInitialized()
10-May-2021 22:02:47.132 INFO [main] org.apache.catalina.core.ApplicationContext.log SessionListener: contextInitialized()
10-May-2021 22:02:47.139 INFO [main] org.apache.catalina.core.ApplicationContext.log ContextListener: attributeAdded('StockTicker', 'async.Stockticker@259287ac')
